{"/Users/dfsilva/Documents/React/react-hooks/src/vite-env.d.ts": {"path":"/Users/dfsilva/Documents/React/react-hooks/src/vite-env.d.ts","statementMap":{},"fnMap":{},"branchMap":{},"s":{},"f":{},"b":{}}
,"/Users/dfsilva/Documents/React/react-hooks/src/components/Heading/index.tsx": {"path":"/Users/dfsilva/Documents/React/react-hooks/src/components/Heading/index.tsx","statementMap":{"0":{"start":{"line":2,"column":2},"end":{"line":2,"column":26}},"1":{"start":{"line":1,"column":0},"end":{"line":1,"column":24}}},"fnMap":{"0":{"name":"Heading","decl":{"start":{"line":1,"column":24},"end":{"line":1,"column":31}},"loc":{"start":{"line":1,"column":31},"end":{"line":3,"column":1}}}},"branchMap":{},"s":{"0":1,"1":1},"f":{"0":1},"b":{}}
}
