{"/Users/dfsilva/Documents/React/react-hooks/src/App.tsx": {"path":"/Users/dfsilva/Documents/React/react-hooks/src/App.tsx","statementMap":{"0":{"start":{"line":2,"column":2},"end":{"line":2,"column":22}}},"fnMap":{"0":{"name":"App","decl":{"start":{"line":1,"column":9},"end":{"line":1,"column":12}},"loc":{"start":{"line":1,"column":15},"end":{"line":3,"column":1}},"line":1}},"branchMap":{},"s":{"0":1},"f":{"0":1},"b":{},"_coverageSchema":"1a1c01bbd47fc00a2c39e90264f33305004495a9","hash":"4682c1d5eca120a729d3150e50227c34747ef3d9"}
,"/Users/dfsilva/Documents/React/react-hooks/src/vite-env.d.ts": {"path":"/Users/dfsilva/Documents/React/react-hooks/src/vite-env.d.ts","statementMap":{},"fnMap":{},"branchMap":{},"s":{},"f":{},"b":{}}
}
